pipeline-20201116-11:15:57.log

START: 2020-11-16 11:15:57

USER SETTINGS:
data version 1.1
product list: mom0,mom1,mom2,peakT,mom0_noise,mom1_noise,pvd,spectrumradial_profile
refresh =  True
overwrite =  True
sunflag =  True
clip =  True
tosave =  True
pbcor =  True
TP =  False
resolution_str 9arcsec
alpha_co = 6.25 Msol/pc^2 K km/s

1 Galaxies
Input Galaxy ID(s): NGC4254

Cube directory found, reading from 
 /home/nikki/Documents/Data/VERTICO/ReducedData/v1.1/9arcsec

Creating product directory. 
 Writing to  /home/nikki/Documents/Data/VERTICO/products_v1_0/9arcsec


------------------------------------------
##########################################
------------------------------------------
Beginning NGC4254...

PB corrected cube: /home/nikki/Documents/Data/VERTICO/ReducedData/v1.1/9arcsec/NGC4254/NGC4254_7m_co21_pbcorr_round_k.fits
Flat cube: /home/nikki/Documents/Data/VERTICO/ReducedData/v1.1/9arcsec/NGC4254/NGC4254_7m_co21_flat_round_k.fits


Galaxy products will be saved in /home/nikki/Documents/Data/VERTICO/products_v1_0/9arcsec/NGC4254
with the file prefix: NGC4254_7m_co21_pbcorr_round_k_9arcsec_*


CLIPPING DATA CUBE:
mask written to  /home/nikki/Documents/Data/VERTICO/products_v1_0/9arcsec/NGC4254/NGC4254_7m_co21_pbcorr_round_k_9arcsec_mask_cube.fits

clipped cube written to  /home/nikki/Documents/Data/VERTICO/products_v1_0/9arcsec/NGC4254/NGC4254_7m_co21_pbcorr_round_k_9arcsec_cube_clipped.fits

trimmed cube written to  /home/nikki/Documents/Data/VERTICO/products_v1_0/9arcsec/NGC4254/NGC4254_7m_co21_pbcorr_round_k_9arcsec_cube_clipped_trimmed.fits


MOMENT 0:

NGC4254_7m_co21_pbcorr_round_k_9arcsec_mom0_Kkms-1.fits written to file.

NGC4254_7m_co21_pbcorr_round_k_9arcsec_mom1.fits written to file.

NGC4254_7m_co21_pbcorr_round_k_9arcsec_mom2.fits written to file.

NGC4254_7m_co21_pbcorr_round_k_9arcsec_mom0_Msun.fits written to file.

NGC4254_7m_co21_pbcorr_round_k_9arcsec_mom1.fits written to file.

NGC4254_7m_co21_pbcorr_round_k_9arcsec_mom2.fits written to file.

MOMENT 1:

NGC4254_7m_co21_pbcorr_round_k_9arcsec_mom0_Kkms-1.fits written to file.

NGC4254_7m_co21_pbcorr_round_k_9arcsec_mom1.fits written to file.

NGC4254_7m_co21_pbcorr_round_k_9arcsec_mom2.fits written to file.
