pipeline-20201116-11:34:27.log

START: 2020-11-16 11:34:27

USER SETTINGS:
data version 1.1
product list: mom0,mom1,mom2,peakT,mom0_noise,mom1_noise,pvd,spectrum,radial_profile
refresh =  True
overwrite =  True
sunflag =  True
clip =  True
tosave =  True
pbcor =  True
TP =  False
resolution_str 9arcsec
alpha_co = 6.25 Msol/pc^2 K km/s

1 Galaxies
Input Galaxy ID(s): IC3392

Cube directory found, reading from 
 /home/nikki/Documents/Data/VERTICO/ReducedData/v1.1/9arcsec

Product directory exists, writing to 
 /home/nikki/Documents/Data/VERTICO/products_v1_0/9arcsec/sun18_method


------------------------------------------
##########################################
------------------------------------------
Beginning IC3392...

PB corrected cube: /home/nikki/Documents/Data/VERTICO/ReducedData/v1.1/9arcsec/IC3392/IC3392_7m_co21_pbcorr_round_k.fits
Flat cube: /home/nikki/Documents/Data/VERTICO/ReducedData/v1.1/9arcsec/IC3392/IC3392_7m_co21_flat_round_k.fits


Galaxy products will be saved in /home/nikki/Documents/Data/VERTICO/products_v1_0/9arcsec/sun18_method/IC3392
with the file prefix: IC3392_7m_co21_pbcorr_round_k_9arcsec_*


CLIPPING DATA CUBE:
mask written to  /home/nikki/Documents/Data/VERTICO/products_v1_0/9arcsec/sun18_method/IC3392/IC3392_7m_co21_pbcorr_round_k_9arcsec_mask_cube.fits

clipped cube written to  /home/nikki/Documents/Data/VERTICO/products_v1_0/9arcsec/sun18_method/IC3392/IC3392_7m_co21_pbcorr_round_k_9arcsec_cube_clipped.fits

trimmed cube written to  /home/nikki/Documents/Data/VERTICO/products_v1_0/9arcsec/sun18_method/IC3392/IC3392_7m_co21_pbcorr_round_k_9arcsec_cube_clipped_trimmed.fits


MOMENT 0:

IC3392_7m_co21_pbcorr_round_k_9arcsec_mom0_Kkms-1.fits written to file.

IC3392_7m_co21_pbcorr_round_k_9arcsec_mom1.fits written to file.

IC3392_7m_co21_pbcorr_round_k_9arcsec_mom2.fits written to file.

IC3392_7m_co21_pbcorr_round_k_9arcsec_mom0_Msun.fits written to file.

IC3392_7m_co21_pbcorr_round_k_9arcsec_mom1.fits written to file.

IC3392_7m_co21_pbcorr_round_k_9arcsec_mom2.fits written to file.

MOMENT 1:

IC3392_7m_co21_pbcorr_round_k_9arcsec_mom0_Kkms-1.fits written to file.

IC3392_7m_co21_pbcorr_round_k_9arcsec_mom1.fits written to file.

IC3392_7m_co21_pbcorr_round_k_9arcsec_mom2.fits written to file.

MOMENT 2:

IC3392_7m_co21_pbcorr_round_k_9arcsec_mom0_Kkms-1.fits written to file.

IC3392_7m_co21_pbcorr_round_k_9arcsec_mom1.fits written to file.

IC3392_7m_co21_pbcorr_round_k_9arcsec_mom2.fits written to file.

MOMENT 8 (PEAK TEMPERATURE):

IC3392_7m_co21_pbcorr_round_k_9arcsec_peak_temp.fits written to file.

MOMENT 0 UNCERTAINTY:

IC3392_7m_co21_pbcorr_round_k_9arcsec_mom0_Kkms-1.fits written to file.

IC3392_7m_co21_pbcorr_round_k_9arcsec_mom1.fits written to file.

IC3392_7m_co21_pbcorr_round_k_9arcsec_mom2.fits written to file.

IC3392_7m_co21_pbcorr_round_k_9arcsec_mom0_unc.fits written to file.

IC3392_7m_co21_pbcorr_round_k_9arcsec_mom0_SN.fits written to file.

IC3392_7m_co21_pbcorr_round_k_9arcsec_mom1_unc.fits written to file.

IC3392_7m_co21_pbcorr_round_k_9arcsec_mom2_unc.fits written to file.
INFO: Auto-setting vmin to  6.144e-02 [aplpy.core]
INFO: Auto-setting vmax to  1.284e-01 [aplpy.core]
INFO: Auto-setting vmin to -1.001e+01 [aplpy.core]
INFO: Auto-setting vmax to  1.339e+02 [aplpy.core]

MOMENT 1 & 2 UNCERTAINTY:

IC3392_7m_co21_pbcorr_round_k_9arcsec_mom0_Kkms-1.fits written to file.

IC3392_7m_co21_pbcorr_round_k_9arcsec_mom1.fits written to file.

IC3392_7m_co21_pbcorr_round_k_9arcsec_mom2.fits written to file.

IC3392_7m_co21_pbcorr_round_k_9arcsec_mom0_unc.fits written to file.

IC3392_7m_co21_pbcorr_round_k_9arcsec_mom0_SN.fits written to file.

IC3392_7m_co21_pbcorr_round_k_9arcsec_mom1_unc.fits written to file.

IC3392_7m_co21_pbcorr_round_k_9arcsec_mom2_unc.fits written to file.
INFO: Auto-setting vmin to -7.528e-01 [aplpy.core]
INFO: Auto-setting vmax to  1.142e+00 [aplpy.core]
INFO: Auto-setting vmin to -5.327e-01 [aplpy.core]
INFO: Auto-setting vmax to  8.935e-01 [aplpy.core]

POSITION-VELOCITY DIAGRAM:

IC3392_7m_co21_pbcorr_round_k_9arcsec_mom0_Kkms-1.fits written to file.

IC3392_7m_co21_pbcorr_round_k_9arcsec_mom1.fits written to file.

IC3392_7m_co21_pbcorr_round_k_9arcsec_mom2.fits written to file.

IC3392_7m_co21_pbcorr_round_k_9arcsec_PVD_major.fits written to file.

IC3392_7m_co21_pbcorr_round_k_9arcsec_mom0_Kkms-1.fits written to file.

IC3392_7m_co21_pbcorr_round_k_9arcsec_mom1.fits written to file.

IC3392_7m_co21_pbcorr_round_k_9arcsec_mom2.fits written to file.

IC3392_7m_co21_pbcorr_round_k_9arcsec_PVD_minor.fits written to file.

SPECTRUM:

IC3392_7m_co21_pbcorr_round_k_9arcsec_mom0_Kkms-1.fits written to file.

IC3392_7m_co21_pbcorr_round_k_9arcsec_mom1.fits written to file.

IC3392_7m_co21_pbcorr_round_k_9arcsec_mom2.fits written to file.

IC3392_7m_co21_pbcorr_round_k_9arcsec_mom0_Kkms-1.fits written to file.

IC3392_7m_co21_pbcorr_round_k_9arcsec_mom1.fits written to file.

IC3392_7m_co21_pbcorr_round_k_9arcsec_mom2.fits written to file.

IC3392_7m_co21_pbcorr_round_k_9arcsec_mom0_Kkms-1.fits written to file.

IC3392_7m_co21_pbcorr_round_k_9arcsec_mom1.fits written to file.

IC3392_7m_co21_pbcorr_round_k_9arcsec_mom2.fits written to file.

RADIAL PROFILE:
