pipeline-20201116-11:36:07.log

START: 2020-11-16 11:36:07

USER SETTINGS:
data version 1.1
product list: radial_profile
refresh =  True
overwrite =  True
sunflag =  True
clip =  True
tosave =  True
pbcor =  True
TP =  False
resolution_str 9arcsec
alpha_co = 6.25 Msol/pc^2 K km/s

1 Galaxies
Input Galaxy ID(s): IC3392

Cube directory found, reading from 
 /home/nikki/Documents/Data/VERTICO/ReducedData/v1.1/9arcsec

Product directory exists, writing to 
 /home/nikki/Documents/Data/VERTICO/products_v1_0/9arcsec/sun18_method


------------------------------------------
##########################################
------------------------------------------
Beginning IC3392...

PB corrected cube: /home/nikki/Documents/Data/VERTICO/ReducedData/v1.1/9arcsec/IC3392/IC3392_7m_co21_pbcorr_round_k.fits
Flat cube: /home/nikki/Documents/Data/VERTICO/ReducedData/v1.1/9arcsec/IC3392/IC3392_7m_co21_flat_round_k.fits


Galaxy products will be saved in /home/nikki/Documents/Data/VERTICO/products_v1_0/9arcsec/sun18_method/IC3392
with the file prefix: IC3392_7m_co21_pbcorr_round_k_9arcsec_*


CLIPPING DATA CUBE:
mask written to  /home/nikki/Documents/Data/VERTICO/products_v1_0/9arcsec/sun18_method/IC3392/IC3392_7m_co21_pbcorr_round_k_9arcsec_mask_cube.fits

clipped cube written to  /home/nikki/Documents/Data/VERTICO/products_v1_0/9arcsec/sun18_method/IC3392/IC3392_7m_co21_pbcorr_round_k_9arcsec_cube_clipped.fits

trimmed cube written to  /home/nikki/Documents/Data/VERTICO/products_v1_0/9arcsec/sun18_method/IC3392/IC3392_7m_co21_pbcorr_round_k_9arcsec_cube_clipped_trimmed.fits


RADIAL PROFILE:
